<?xml version="1.0" encoding="UTF-8"?>
<testng-results skipped="0" failed="0" ignored="0" total="1" passed="1">
  <reporter-output>
  </reporter-output>
  <suite name="Suite" duration-ms="6776" started-at="2019-01-11T11:36:26Z" finished-at="2019-01-11T11:36:32Z">
    <groups>
    </groups>
    <test name="Test" duration-ms="6776" started-at="2019-01-11T11:36:26Z" finished-at="2019-01-11T11:36:32Z">
      <class name="Test.GoogleSearch">
        <test-method status="PASS" signature="beforTest()[pri:0, instance:Test.GoogleSearch@77caeb3e]" name="beforTest" is-config="true" duration-ms="5343" started-at="2019-01-11T11:36:26Z" finished-at="2019-01-11T11:36:31Z">
          <reporter-output>
          </reporter-output>
        </test-method> <!-- beforTest -->
        <test-method status="PASS" signature="testCaseEnabling()[pri:0, instance:Test.GoogleSearch@77caeb3e]" name="testCaseEnabling" duration-ms="1190" started-at="2019-01-11T11:36:31Z" finished-at="2019-01-11T11:36:32Z">
          <reporter-output>
          </reporter-output>
        </test-method> <!-- testCaseEnabling -->
        <test-method status="PASS" signature="afterTest()[pri:0, instance:Test.GoogleSearch@77caeb3e]" name="afterTest" is-config="true" duration-ms="221" started-at="2019-01-11T11:36:32Z" finished-at="2019-01-11T11:36:32Z">
          <reporter-output>
          </reporter-output>
        </test-method> <!-- afterTest -->
      </class> <!-- Test.GoogleSearch -->
    </test> <!-- Test -->
  </suite> <!-- Suite -->
</testng-results>
